mode: count
github.com/fffinkel/sensus-mwater-adapter/main.go:5.13,7.2 1 0
github.com/fffinkel/sensus-mwater-adapter/internal/sensus/sensus.go:34.66,41.2 2 1
github.com/fffinkel/sensus-mwater-adapter/internal/sensus/sensus.go:43.66,46.16 3 50
github.com/fffinkel/sensus-mwater-adapter/internal/sensus/sensus.go:49.2,50.16 2 49
github.com/fffinkel/sensus-mwater-adapter/internal/sensus/sensus.go:53.2,54.16 2 48
github.com/fffinkel/sensus-mwater-adapter/internal/sensus/sensus.go:57.2,58.16 2 47
github.com/fffinkel/sensus-mwater-adapter/internal/sensus/sensus.go:61.2,62.16 2 46
github.com/fffinkel/sensus-mwater-adapter/internal/sensus/sensus.go:65.2,66.16 2 45
github.com/fffinkel/sensus-mwater-adapter/internal/sensus/sensus.go:69.2,70.16 2 44
github.com/fffinkel/sensus-mwater-adapter/internal/sensus/sensus.go:73.2,74.16 2 43
github.com/fffinkel/sensus-mwater-adapter/internal/sensus/sensus.go:77.2,78.16 2 42
github.com/fffinkel/sensus-mwater-adapter/internal/sensus/sensus.go:81.2,82.16 2 41
github.com/fffinkel/sensus-mwater-adapter/internal/sensus/sensus.go:85.2,97.8 1 40
github.com/fffinkel/sensus-mwater-adapter/internal/sensus/sensus.go:46.16,48.3 1 1
github.com/fffinkel/sensus-mwater-adapter/internal/sensus/sensus.go:50.16,52.3 1 1
github.com/fffinkel/sensus-mwater-adapter/internal/sensus/sensus.go:54.16,56.3 1 1
github.com/fffinkel/sensus-mwater-adapter/internal/sensus/sensus.go:58.16,60.3 1 1
github.com/fffinkel/sensus-mwater-adapter/internal/sensus/sensus.go:62.16,64.3 1 1
github.com/fffinkel/sensus-mwater-adapter/internal/sensus/sensus.go:66.16,68.3 1 1
github.com/fffinkel/sensus-mwater-adapter/internal/sensus/sensus.go:70.16,72.3 1 1
github.com/fffinkel/sensus-mwater-adapter/internal/sensus/sensus.go:74.16,76.3 1 1
github.com/fffinkel/sensus-mwater-adapter/internal/sensus/sensus.go:78.16,80.3 1 1
github.com/fffinkel/sensus-mwater-adapter/internal/sensus/sensus.go:82.16,84.3 1 1
github.com/fffinkel/sensus-mwater-adapter/internal/sensus/sensus.go:100.54,105.6 5 3
github.com/fffinkel/sensus-mwater-adapter/internal/sensus/sensus.go:128.2,128.18 1 2
github.com/fffinkel/sensus-mwater-adapter/internal/sensus/sensus.go:105.6,107.13 2 55
github.com/fffinkel/sensus-mwater-adapter/internal/sensus/sensus.go:114.3,114.20 1 52
github.com/fffinkel/sensus-mwater-adapter/internal/sensus/sensus.go:117.3,117.17 1 50
github.com/fffinkel/sensus-mwater-adapter/internal/sensus/sensus.go:120.3,122.17 3 50
github.com/fffinkel/sensus-mwater-adapter/internal/sensus/sensus.go:107.13,108.25 1 3
github.com/fffinkel/sensus-mwater-adapter/internal/sensus/sensus.go:111.4,112.12 2 2
github.com/fffinkel/sensus-mwater-adapter/internal/sensus/sensus.go:108.25,110.5 1 1
github.com/fffinkel/sensus-mwater-adapter/internal/sensus/sensus.go:114.20,115.9 1 2
github.com/fffinkel/sensus-mwater-adapter/internal/sensus/sensus.go:117.17,119.4 1 0
github.com/fffinkel/sensus-mwater-adapter/internal/sensus/sensus.go:122.17,124.4 1 10
github.com/fffinkel/sensus-mwater-adapter/internal/sensus/sensus.go:124.9,126.4 1 40
